<?xml version="1.0" encoding="UTF-8" ?>
<testsuite failures="0" time="0.016" errors="0" skipped="0" tests="1" name="app.AppTest">
  <properties>
    <property name="java.runtime.name" value="Java(TM) SE Runtime Environment"/>
    <property name="sun.boot.library.path" value="D:\Java\jdk1.7.0_51\jre\bin"/>
    <property name="java.vm.version" value="24.51-b03"/>
    <property name="java.vm.vendor" value="Oracle Corporation"/>
    <property name="java.vendor.url" value="http://java.oracle.com/"/>
    <property name="path.separator" value=";"/>
    <property name="guice.disable.misplaced.annotation.check" value="true"/>
    <property name="java.vm.name" value="Java HotSpot(TM) Client VM"/>
    <property name="file.encoding.pkg" value="sun.io"/>
    <property name="user.script" value=""/>
    <property name="user.country" value="PL"/>
    <property name="sun.java.launcher" value="SUN_STANDARD"/>
    <property name="sun.os.patch.level" value="Dodatek Service Pack 3"/>
    <property name="java.vm.specification.name" value="Java Virtual Machine Specification"/>
    <property name="user.dir" value="D:\java_workspace\BikeRental\maven-building\BikeRental"/>
    <property name="java.runtime.version" value="1.7.0_51-b13"/>
    <property name="java.awt.graphicsenv" value="sun.awt.Win32GraphicsEnvironment"/>
    <property name="java.endorsed.dirs" value="D:\Java\jdk1.7.0_51\jre\lib\endorsed"/>
    <property name="os.arch" value="x86"/>
    <property name="java.io.tmpdir" value="C:\DOCUME~1\Ania\USTAWI~1\Temp\"/>
    <property name="line.separator" value="
"/>
    <property name="java.vm.specification.vendor" value="Oracle Corporation"/>
    <property name="user.variant" value=""/>
    <property name="os.name" value="Windows XP"/>
    <property name="classworlds.conf" value="D:\apache-maven-3.2.1\bin\m2.conf"/>
    <property name="sun.jnu.encoding" value="Cp1250"/>
    <property name="java.library.path" value="D:\Java\jdk1.7.0_51\bin;C:\WINDOWS\Sun\Java\bin;C:\WINDOWS\system32;C:\WINDOWS;D:\Borland\Delphi7\Bin;D:\Borland\Delphi7\Projects\Bpl\;C:\WINDOWS\system32;C:\WINDOWS;C:\WINDOWS\System32\Wbem;C:\Program Files\Common Files\Ulead Systems\MPEG;C:\Program Files\MATLAB\R2011a\runtime\win32;C:\Program Files\MATLAB\R2011a\bin;d:\ahdl\BIN;C:\Qt\Qt5.0.2\Tools\QtCreator\bin;C:\Program Files\OpenVPN\bin;D:\Python2.7.6;C:\Qt\Qt5.0.2\Tools\MinGW\bin;C:\Qt\Qt5.0.2\5.0.2\mingw47_32\bin;D:\Java\jdk1.7.0_51\bin;D:\apache-ant-1.9.3\bin;D:\apache-maven-3.2.1\bin;."/>
    <property name="java.specification.name" value="Java Platform API Specification"/>
    <property name="java.class.version" value="51.0"/>
    <property name="sun.management.compiler" value="HotSpot Client Compiler"/>
    <property name="os.version" value="5.1"/>
    <property name="user.home" value="C:\Documents and Settings\Ania"/>
    <property name="user.timezone" value="Europe/Belgrade"/>
    <property name="java.awt.printerjob" value="sun.awt.windows.WPrinterJob"/>
    <property name="java.specification.version" value="1.7"/>
    <property name="file.encoding" value="Cp1250"/>
    <property name="user.name" value="Ania"/>
    <property name="java.class.path" value="D:\apache-maven-3.2.1\boot\plexus-classworlds-2.5.1.jar"/>
    <property name="org.slf4j.simpleLogger.defaultLogLevel" value="info"/>
    <property name="java.vm.specification.version" value="1.7"/>
    <property name="sun.arch.data.model" value="32"/>
    <property name="java.home" value="D:\Java\jdk1.7.0_51\jre"/>
    <property name="sun.java.command" value="org.codehaus.plexus.classworlds.launcher.Launcher assembly:assembly"/>
    <property name="java.specification.vendor" value="Oracle Corporation"/>
    <property name="user.language" value="pl"/>
    <property name="awt.toolkit" value="sun.awt.windows.WToolkit"/>
    <property name="java.vm.info" value="mixed mode, sharing"/>
    <property name="java.version" value="1.7.0_51"/>
    <property name="java.ext.dirs" value="D:\Java\jdk1.7.0_51\jre\lib\ext;C:\WINDOWS\Sun\Java\lib\ext"/>
    <property name="sun.boot.class.path" value="D:\Java\jdk1.7.0_51\jre\lib\resources.jar;D:\Java\jdk1.7.0_51\jre\lib\rt.jar;D:\Java\jdk1.7.0_51\jre\lib\sunrsasign.jar;D:\Java\jdk1.7.0_51\jre\lib\jsse.jar;D:\Java\jdk1.7.0_51\jre\lib\jce.jar;D:\Java\jdk1.7.0_51\jre\lib\charsets.jar;D:\Java\jdk1.7.0_51\jre\lib\jfr.jar;D:\Java\jdk1.7.0_51\jre\classes"/>
    <property name="java.vendor" value="Oracle Corporation"/>
    <property name="maven.home" value="D:\apache-maven-3.2.1"/>
    <property name="file.separator" value="\"/>
    <property name="java.vendor.url.bug" value="http://bugreport.sun.com/bugreport/"/>
    <property name="sun.cpu.endian" value="little"/>
    <property name="sun.io.unicode.encoding" value="UnicodeLittle"/>
    <property name="sun.desktop" value="windows"/>
    <property name="sun.cpu.isalist" value="pentium_pro+mmx pentium_pro pentium+mmx pentium i486 i386 i86"/>
  </properties>
  <testcase time="0.016" classname="app.AppTest" name="testApp"/>
</testsuite>